<?xml version="1.0" encoding="utf-8"?>
<testsuites>
<testsuite package="org.eslint" time="0" tests="7" errors="7" name="/home/root-x/Documents/projects/food-ordering-system/src/controllers/userController.ts">
<testcase time="0" name="org.eslint.@typescript-eslint/explicit-function-return-type" classname="/home/root-x/Documents/projects/food-ordering-system/src/controllers/userController"><failure message="Missing return type on function."><![CDATA[line 28, col 3, Error - Missing return type on function. (@typescript-eslint/explicit-function-return-type)]]></failure></testcase>
<testcase time="0" name="org.eslint.no-unused-vars" classname="/home/root-x/Documents/projects/food-ordering-system/src/controllers/userController"><failure message="&apos;res&apos; is defined but never used."><![CDATA[line 28, col 72, Warning - &apos;res&apos; is defined but never used. (no-unused-vars)]]></failure></testcase>
<testcase time="0" name="org.eslint.@typescript-eslint/no-unused-vars" classname="/home/root-x/Documents/projects/food-ordering-system/src/controllers/userController"><failure message="&apos;res&apos; is defined but never used."><![CDATA[line 28, col 72, Error - &apos;res&apos; is defined but never used. (@typescript-eslint/no-unused-vars)]]></failure></testcase>
<testcase time="0" name="org.eslint.@typescript-eslint/explicit-function-return-type" classname="/home/root-x/Documents/projects/food-ordering-system/src/controllers/userController"><failure message="Missing return type on function."><![CDATA[line 44, col 5, Error - Missing return type on function. (@typescript-eslint/explicit-function-return-type)]]></failure></testcase>
<testcase time="0" name="org.eslint.no-unused-vars" classname="/home/root-x/Documents/projects/food-ordering-system/src/controllers/userController"><failure message="&apos;res&apos; is defined but never used."><![CDATA[line 44, col 85, Warning - &apos;res&apos; is defined but never used. (no-unused-vars)]]></failure></testcase>
<testcase time="0" name="org.eslint.@typescript-eslint/no-unused-vars" classname="/home/root-x/Documents/projects/food-ordering-system/src/controllers/userController"><failure message="&apos;res&apos; is defined but never used."><![CDATA[line 44, col 85, Error - &apos;res&apos; is defined but never used. (@typescript-eslint/no-unused-vars)]]></failure></testcase>
<testcase time="0" name="org.eslint.@typescript-eslint/no-explicit-any" classname="/home/root-x/Documents/projects/food-ordering-system/src/controllers/userController"><failure message="Unexpected any. Specify a different type."><![CDATA[line 50, col 19, Error - Unexpected any. Specify a different type. (@typescript-eslint/no-explicit-any)]]></failure></testcase>
</testsuite>
<testsuite package="org.eslint" time="0" tests="1" errors="0" name="/home/root-x/Documents/projects/food-ordering-system/src/dto/getUserDto.ts">
<testcase time="0" name="/home/root-x/Documents/projects/food-ordering-system/src/dto/getUserDto.ts" classname="/home/root-x/Documents/projects/food-ordering-system/src/dto/getUserDto" />
</testsuite>
<testsuite package="org.eslint" time="0" tests="1" errors="0" name="/home/root-x/Documents/projects/food-ordering-system/src/dto/loginDto.ts">
<testcase time="0" name="/home/root-x/Documents/projects/food-ordering-system/src/dto/loginDto.ts" classname="/home/root-x/Documents/projects/food-ordering-system/src/dto/loginDto" />
</testsuite>
<testsuite package="org.eslint" time="0" tests="5" errors="5" name="/home/root-x/Documents/projects/food-ordering-system/src/index.ts">
<testcase time="0" name="org.eslint.no-unused-vars" classname="/home/root-x/Documents/projects/food-ordering-system/src/index"><failure message="&apos;app&apos; is defined but never used."><![CDATA[line 30, col 19, Warning - &apos;app&apos; is defined but never used. (no-unused-vars)]]></failure></testcase>
<testcase time="0" name="org.eslint.@typescript-eslint/no-unused-vars" classname="/home/root-x/Documents/projects/food-ordering-system/src/index"><failure message="&apos;app&apos; is defined but never used."><![CDATA[line 30, col 19, Error - &apos;app&apos; is defined but never used. (@typescript-eslint/no-unused-vars)]]></failure></testcase>
<testcase time="0" name="org.eslint.no-undef" classname="/home/root-x/Documents/projects/food-ordering-system/src/index"><failure message="&apos;process&apos; is not defined."><![CDATA[line 35, col 14, Error - &apos;process&apos; is not defined. (no-undef)]]></failure></testcase>
<testcase time="0" name="org.eslint.no-console" classname="/home/root-x/Documents/projects/food-ordering-system/src/index"><failure message="Unexpected console statement."><![CDATA[line 37, col 3, Error - Unexpected console statement. (no-console)]]></failure></testcase>
<testcase time="0" name="org.eslint.no-undef" classname="/home/root-x/Documents/projects/food-ordering-system/src/index"><failure message="&apos;console&apos; is not defined."><![CDATA[line 37, col 3, Error - &apos;console&apos; is not defined. (no-undef)]]></failure></testcase>
</testsuite>
<testsuite package="org.eslint" time="0" tests="1" errors="0" name="/home/root-x/Documents/projects/food-ordering-system/src/inversify.config.ts">
<testcase time="0" name="/home/root-x/Documents/projects/food-ordering-system/src/inversify.config.ts" classname="/home/root-x/Documents/projects/food-ordering-system/src/inversify.config" />
</testsuite>
<testsuite package="org.eslint" time="0" tests="7" errors="7" name="/home/root-x/Documents/projects/food-ordering-system/src/middlewares/authMiddleware.ts">
<testcase time="0" name="org.eslint.@typescript-eslint/no-var-requires" classname="/home/root-x/Documents/projects/food-ordering-system/src/middlewares/authMiddleware"><failure message="Require statement not part of import statement."><![CDATA[line 4, col 1, Error - Require statement not part of import statement. (@typescript-eslint/no-var-requires)]]></failure></testcase>
<testcase time="0" name="org.eslint.no-undef" classname="/home/root-x/Documents/projects/food-ordering-system/src/middlewares/authMiddleware"><failure message="&apos;require&apos; is not defined."><![CDATA[line 4, col 1, Error - &apos;require&apos; is not defined. (no-undef)]]></failure></testcase>
<testcase time="0" name="org.eslint.@typescript-eslint/no-explicit-any" classname="/home/root-x/Documents/projects/food-ordering-system/src/middlewares/authMiddleware"><failure message="Unexpected any. Specify a different type."><![CDATA[line 8, col 40, Error - Unexpected any. Specify a different type. (@typescript-eslint/no-explicit-any)]]></failure></testcase>
<testcase time="0" name="org.eslint.@typescript-eslint/no-explicit-any" classname="/home/root-x/Documents/projects/food-ordering-system/src/middlewares/authMiddleware"><failure message="Unexpected any. Specify a different type."><![CDATA[line 8, col 46, Error - Unexpected any. Specify a different type. (@typescript-eslint/no-explicit-any)]]></failure></testcase>
<testcase time="0" name="org.eslint.no-undef" classname="/home/root-x/Documents/projects/food-ordering-system/src/middlewares/authMiddleware"><failure message="&apos;process&apos; is not defined."><![CDATA[line 11, col 32, Error - &apos;process&apos; is not defined. (no-undef)]]></failure></testcase>
<testcase time="0" name="org.eslint.@typescript-eslint/explicit-function-return-type" classname="/home/root-x/Documents/projects/food-ordering-system/src/middlewares/authMiddleware"><failure message="Missing return type on function."><![CDATA[line 17, col 3, Error - Missing return type on function. (@typescript-eslint/explicit-function-return-type)]]></failure></testcase>
<testcase time="0" name="org.eslint.no-undef" classname="/home/root-x/Documents/projects/food-ordering-system/src/middlewares/authMiddleware"><failure message="&apos;process&apos; is not defined."><![CDATA[line 24, col 41, Error - &apos;process&apos; is not defined. (no-undef)]]></failure></testcase>
</testsuite>
<testsuite package="org.eslint" time="0" tests="1" errors="0" name="/home/root-x/Documents/projects/food-ordering-system/src/model/user.ts">
<testcase time="0" name="/home/root-x/Documents/projects/food-ordering-system/src/model/user.ts" classname="/home/root-x/Documents/projects/food-ordering-system/src/model/user" />
</testsuite>
<testsuite package="org.eslint" time="0" tests="4" errors="4" name="/home/root-x/Documents/projects/food-ordering-system/src/repositories/impl/userRepositoryImpl.ts">
<testcase time="0" name="org.eslint.@typescript-eslint/no-explicit-any" classname="/home/root-x/Documents/projects/food-ordering-system/src/repositories/impl/userRepositoryImpl"><failure message="Unexpected any. Specify a different type."><![CDATA[line 11, col 42, Error - Unexpected any. Specify a different type. (@typescript-eslint/no-explicit-any)]]></failure></testcase>
<testcase time="0" name="org.eslint.no-useless-catch" classname="/home/root-x/Documents/projects/food-ordering-system/src/repositories/impl/userRepositoryImpl"><failure message="Unnecessary try/catch wrapper."><![CDATA[line 12, col 5, Error - Unnecessary try/catch wrapper. (no-useless-catch)]]></failure></testcase>
<testcase time="0" name="org.eslint.@typescript-eslint/no-explicit-any" classname="/home/root-x/Documents/projects/food-ordering-system/src/repositories/impl/userRepositoryImpl"><failure message="Unexpected any. Specify a different type."><![CDATA[line 19, col 70, Error - Unexpected any. Specify a different type. (@typescript-eslint/no-explicit-any)]]></failure></testcase>
<testcase time="0" name="org.eslint.no-useless-catch" classname="/home/root-x/Documents/projects/food-ordering-system/src/repositories/impl/userRepositoryImpl"><failure message="Unnecessary try/catch wrapper."><![CDATA[line 20, col 5, Error - Unnecessary try/catch wrapper. (no-useless-catch)]]></failure></testcase>
</testsuite>
<testsuite package="org.eslint" time="0" tests="4" errors="4" name="/home/root-x/Documents/projects/food-ordering-system/src/repositories/userRepository.ts">
<testcase time="0" name="org.eslint.no-unused-vars" classname="/home/root-x/Documents/projects/food-ordering-system/src/repositories/userRepository"><failure message="&apos;id&apos; is defined but never used."><![CDATA[line 4, col 17, Warning - &apos;id&apos; is defined but never used. (no-unused-vars)]]></failure></testcase>
<testcase time="0" name="org.eslint.@typescript-eslint/no-explicit-any" classname="/home/root-x/Documents/projects/food-ordering-system/src/repositories/userRepository"><failure message="Unexpected any. Specify a different type."><![CDATA[line 4, col 38, Error - Unexpected any. Specify a different type. (@typescript-eslint/no-explicit-any)]]></failure></testcase>
<testcase time="0" name="org.eslint.no-unused-vars" classname="/home/root-x/Documents/projects/food-ordering-system/src/repositories/userRepository"><failure message="&apos;credentials&apos; is defined but never used."><![CDATA[line 5, col 34, Warning - &apos;credentials&apos; is defined but never used. (no-unused-vars)]]></failure></testcase>
<testcase time="0" name="org.eslint.@typescript-eslint/no-explicit-any" classname="/home/root-x/Documents/projects/food-ordering-system/src/repositories/userRepository"><failure message="Unexpected any. Specify a different type."><![CDATA[line 5, col 66, Error - Unexpected any. Specify a different type. (@typescript-eslint/no-explicit-any)]]></failure></testcase>
</testsuite>
<testsuite package="org.eslint" time="0" tests="4" errors="4" name="/home/root-x/Documents/projects/food-ordering-system/src/services/impl/userServiceImpl.ts">
<testcase time="0" name="org.eslint.@typescript-eslint/no-explicit-any" classname="/home/root-x/Documents/projects/food-ordering-system/src/services/impl/userServiceImpl"><failure message="Unexpected any. Specify a different type."><![CDATA[line 18, col 49, Error - Unexpected any. Specify a different type. (@typescript-eslint/no-explicit-any)]]></failure></testcase>
<testcase time="0" name="org.eslint.no-useless-catch" classname="/home/root-x/Documents/projects/food-ordering-system/src/services/impl/userServiceImpl"><failure message="Unnecessary try/catch wrapper."><![CDATA[line 19, col 5, Error - Unnecessary try/catch wrapper. (no-useless-catch)]]></failure></testcase>
<testcase time="0" name="org.eslint.@typescript-eslint/no-explicit-any" classname="/home/root-x/Documents/projects/food-ordering-system/src/services/impl/userServiceImpl"><failure message="Unexpected any. Specify a different type."><![CDATA[line 26, col 58, Error - Unexpected any. Specify a different type. (@typescript-eslint/no-explicit-any)]]></failure></testcase>
<testcase time="0" name="org.eslint.no-useless-catch" classname="/home/root-x/Documents/projects/food-ordering-system/src/services/impl/userServiceImpl"><failure message="Unnecessary try/catch wrapper."><![CDATA[line 27, col 5, Error - Unnecessary try/catch wrapper. (no-useless-catch)]]></failure></testcase>
</testsuite>
<testsuite package="org.eslint" time="0" tests="4" errors="4" name="/home/root-x/Documents/projects/food-ordering-system/src/services/userService.ts">
<testcase time="0" name="org.eslint.no-unused-vars" classname="/home/root-x/Documents/projects/food-ordering-system/src/services/userService"><failure message="&apos;id&apos; is defined but never used."><![CDATA[line 4, col 24, Warning - &apos;id&apos; is defined but never used. (no-unused-vars)]]></failure></testcase>
<testcase time="0" name="org.eslint.@typescript-eslint/no-explicit-any" classname="/home/root-x/Documents/projects/food-ordering-system/src/services/userService"><failure message="Unexpected any. Specify a different type."><![CDATA[line 4, col 45, Error - Unexpected any. Specify a different type. (@typescript-eslint/no-explicit-any)]]></failure></testcase>
<testcase time="0" name="org.eslint.no-unused-vars" classname="/home/root-x/Documents/projects/food-ordering-system/src/services/userService"><failure message="&apos;credentials&apos; is defined but never used."><![CDATA[line 5, col 22, Warning - &apos;credentials&apos; is defined but never used. (no-unused-vars)]]></failure></testcase>
<testcase time="0" name="org.eslint.@typescript-eslint/no-explicit-any" classname="/home/root-x/Documents/projects/food-ordering-system/src/services/userService"><failure message="Unexpected any. Specify a different type."><![CDATA[line 5, col 54, Error - Unexpected any. Specify a different type. (@typescript-eslint/no-explicit-any)]]></failure></testcase>
</testsuite>
<testsuite package="org.eslint" time="0" tests="1" errors="0" name="/home/root-x/Documents/projects/food-ordering-system/src/types.ts">
<testcase time="0" name="/home/root-x/Documents/projects/food-ordering-system/src/types.ts" classname="/home/root-x/Documents/projects/food-ordering-system/src/types" />
</testsuite>
<testsuite package="org.eslint" time="0" tests="9" errors="9" name="/home/root-x/Documents/projects/food-ordering-system/src/utils/databaseConnection.ts">
<testcase time="0" name="org.eslint.@typescript-eslint/no-var-requires" classname="/home/root-x/Documents/projects/food-ordering-system/src/utils/databaseConnection"><failure message="Require statement not part of import statement."><![CDATA[line 3, col 1, Error - Require statement not part of import statement. (@typescript-eslint/no-var-requires)]]></failure></testcase>
<testcase time="0" name="org.eslint.no-undef" classname="/home/root-x/Documents/projects/food-ordering-system/src/utils/databaseConnection"><failure message="&apos;require&apos; is not defined."><![CDATA[line 3, col 1, Error - &apos;require&apos; is not defined. (no-undef)]]></failure></testcase>
<testcase time="0" name="org.eslint.no-undef" classname="/home/root-x/Documents/projects/food-ordering-system/src/utils/databaseConnection"><failure message="&apos;process&apos; is not defined."><![CDATA[line 22, col 9, Error - &apos;process&apos; is not defined. (no-undef)]]></failure></testcase>
<testcase time="0" name="org.eslint.no-console" classname="/home/root-x/Documents/projects/food-ordering-system/src/utils/databaseConnection"><failure message="Unexpected console statement."><![CDATA[line 23, col 5, Error - Unexpected console statement. (no-console)]]></failure></testcase>
<testcase time="0" name="org.eslint.no-undef" classname="/home/root-x/Documents/projects/food-ordering-system/src/utils/databaseConnection"><failure message="&apos;console&apos; is not defined."><![CDATA[line 23, col 5, Error - &apos;console&apos; is not defined. (no-undef)]]></failure></testcase>
<testcase time="0" name="org.eslint.no-console" classname="/home/root-x/Documents/projects/food-ordering-system/src/utils/databaseConnection"><failure message="Unexpected console statement."><![CDATA[line 28, col 20, Error - Unexpected console statement. (no-console)]]></failure></testcase>
<testcase time="0" name="org.eslint.no-undef" classname="/home/root-x/Documents/projects/food-ordering-system/src/utils/databaseConnection"><failure message="&apos;console&apos; is not defined."><![CDATA[line 28, col 20, Error - &apos;console&apos; is not defined. (no-undef)]]></failure></testcase>
<testcase time="0" name="org.eslint.no-console" classname="/home/root-x/Documents/projects/food-ordering-system/src/utils/databaseConnection"><failure message="Unexpected console statement."><![CDATA[line 29, col 23, Error - Unexpected console statement. (no-console)]]></failure></testcase>
<testcase time="0" name="org.eslint.no-undef" classname="/home/root-x/Documents/projects/food-ordering-system/src/utils/databaseConnection"><failure message="&apos;console&apos; is not defined."><![CDATA[line 29, col 23, Error - &apos;console&apos; is not defined. (no-undef)]]></failure></testcase>
</testsuite>
<testsuite package="org.eslint" time="0" tests="1" errors="1" name="/home/root-x/Documents/projects/food-ordering-system/src/utils/logger.ts">
<testcase time="0" name="org.eslint.no-undef" classname="/home/root-x/Documents/projects/food-ordering-system/src/utils/logger"><failure message="&apos;process&apos; is not defined."><![CDATA[line 21, col 5, Error - &apos;process&apos; is not defined. (no-undef)]]></failure></testcase>
</testsuite>
<testsuite package="org.eslint" time="0" tests="2" errors="2" name="/home/root-x/Documents/projects/food-ordering-system/test/user.test.ts">
<testcase time="0" name="org.eslint.no-unused-vars" classname="/home/root-x/Documents/projects/food-ordering-system/test/user.test"><failure message="&apos;res&apos; is defined but never used."><![CDATA[line 12, col 27, Warning - &apos;res&apos; is defined but never used. (no-unused-vars)]]></failure></testcase>
<testcase time="0" name="org.eslint.@typescript-eslint/no-unused-vars" classname="/home/root-x/Documents/projects/food-ordering-system/test/user.test"><failure message="&apos;res&apos; is defined but never used."><![CDATA[line 12, col 27, Error - &apos;res&apos; is defined but never used. (@typescript-eslint/no-unused-vars)]]></failure></testcase>
</testsuite>
</testsuites>
